android-app/app/build/outputs/mapping/release/seeds.txt
in.pasr.www.twa.DelegationService
in.pasr.www.twa.Application
in.pasr.www.twa.LauncherActivity
in.pasr.www.twa.LauncherActivity: LauncherActivity()
in.pasr.www.twa.DelegationService: DelegationService()
in.pasr.www.twa.Application: Application()
...
androidx.appcompat.widget.AppCompatTextView: void setSupportCompoundDrawablesTintList(android.content.res.ColorStateList)
androidx.core.app.NotificationManagerCompat$Api26Impl: void createNotificationChannelGroups(android.app.NotificationManager,java.util.List)
androidx.appcompat.widget.ActionMenuView: void setPopupTheme(int)
androidx.fragment.app.DialogFragment: DialogFragment()
androidx.appcompat.widget.TooltipCompat$Api26Impl: void setTooltipText(android.view.View,java.lang.CharSequence)
androidx.lifecycle.ReportFragment$LifecycleCallbacks: ReportFragment$LifecycleCallbacks()
androidx.appcompat.widget.Toolbar: int getContentInsetLeft()
androidx.core.view.WindowInsetsCompat$BuilderImpl30: WindowInsetsCompat$BuilderImpl30()
androidx.appcompat.widget.AppCompatTextHelper$Api26Impl: void setAutoSizeTextTypeUniformWithPresetSizes(android.widget.TextView,int[],int)
androidx.core.content.res.ResourcesCompat$Api23Impl: int getColor(android.content.res.Resources,int,android.content.res.Resources$Theme)
androidx.core.view.WindowInsetsCompat$Impl: androidx.core.view.WindowInsetsCompat consumeSystemWindowInsets()
androidx.core.view.ViewParentCompat$Api21Impl: boolean onNestedFling(android.view.ViewParent,android.view.View,float,float,boolean)
androidx.lifecycle.ProcessLifecycleOwner$Api29Impl: void registerActivityLifecycleCallbacks(android.app.Activity,android.app.Application$ActivityLifecycleCallbacks)
androidx.appcompat.view.menu.ListMenuItemView: void setTitle(java.lang.CharSequence)
androidx.appcompat.widget.Toolbar: void setTitleMarginEnd(int)
androidx.appcompat.widget.Toolbar: android.graphics.drawable.Drawable getNavigationIcon()
androidx.appcompat.widget.AppCompatTextView: void setFilters(android.text.InputFilter[])
androidx.appcompat.widget.Toolbar: int getContentInsetStart()
androidx.core.view.WindowInsetsCompat$Impl30: WindowInsetsCompat$Impl30(androidx.core.view.WindowInsetsCompat,androidx.core.view.WindowInsetsCompat$Impl30)
androidx.core.view.WindowInsetsCompat$BuilderImpl20: void setSystemWindowInsets(androidx.core.graphics.Insets)
androidx.core.view.WindowInsetsCompat$Impl20: androidx.core.graphics.Insets getInsetsForType(int,boolean)
androidx.core.view.WindowInsetsCompat$Impl20: androidx.core.graphics.Insets getVisibleInsets(android.view.View)
androidx.appcompat.widget.SearchView$SearchAutoComplete: void setImeVisibility(boolean)
androidx.core.os.BundleCompat$Api33Impl: java.lang.Object getParcelable(android.os.Bundle,java.lang.String,java.lang.Class)
androidx.core.view.WindowInsetsCompat$BuilderImpl29: void setSystemWindowInsets(androidx.core.graphics.Insets)
androidx.core.view.WindowInsetsCompat$BuilderImpl29: void setStableInsets(androidx.core.graphics.Insets)
androidx.appcompat.widget.Toolbar: void setTitleTextColor(int)
androidx.core.app.NotificationCompatBuilder$Api28Impl: android.app.Notification$Builder addPerson(android.app.Notification$Builder,android.app.Person)
androidx.appcompat.widget.ActionMenuView: void setPresenter(androidx.appcompat.widget.ActionMenuPresenter)
androidx.core.view.ViewCompat$Api23Impl: androidx.core.view.WindowInsetsCompat getRootWindowInsets(android.view.View)
androidx.appcompat.widget.SearchView$Api29Impl: void setInputMethodMode(androidx.appcompat.widget.SearchView$SearchAutoComplete,int)
androidx.core.app.NotificationCompatBuilder$Api21Impl: android.app.Notification$Builder setCategory(android.app.Notification$Builder,java.lang.String)
androidx.core.view.WindowInsetsCompat$Impl29: androidx.core.graphics.Insets getMandatorySystemGestureInsets()
androidx.vectordrawable.graphics.drawable.VectorDrawableCompat$VFullPath: void setStrokeWidth(float)
androidx.appcompat.widget.ActionBarContextView: void setContentHeight(int)
androidx.core.widget.PopupWindowCompat$Api23Impl: int getWindowLayoutType(android.widget.PopupWindow)
androidx.appcompat.widget.AppCompatTextViewAutoSizeHelper$Impl29: AppCompatTextViewAutoSizeHelper$Impl29()