android-app/app/build/outputs/mapping/release/mapping.txt
# compiler: R8
# compiler_version: 8.9.32
# min_api: 21
# common_typos_disable
# {"id":"com.android.tools.r8.mapping","version":"2.2"}
# pg_map_id: c176004
# pg_map_hash: SHA-256 c17600411d93ae842b6bf0ee02ab06f9af83b77dc19697071e4734ddb6fe77df
in.pasr.www.twa.Application -> in.pasr.www.twa.Application:
# {"id":"sourceFile","fileName":"Application.java"}
    1:4:void <init>():20:20 -> <init>
    1:4:void onCreate():26:26 -> onCreate
in.pasr.www.twa.DelegationService -> in.pasr.www.twa.DelegationService:
# {"id":"sourceFile","fileName":"DelegationService.java"}
    1:4:void <init>():7:7 -> <init>
    1:3:void onCreate():11:11 -> onCreate
    4:12:void onCreate():14:14 -> onCreate
in.pasr.www.twa.LauncherActivity -> in.pasr.www.twa.LauncherActivity:
# {"id":"sourceFile","fileName":"LauncherActivity.java"}
    1:4:void <init>():25:25 -> <init>
    1:5:android.net.Uri getLaunchingUrl():48:48 -> i
    1:3:void onCreate(android.os.Bundle):33:33 -> onCreate
    4:10:void onCreate(android.os.Bundle):38:38 -> onCreate
    11:15:void onCreate(android.os.Bundle):39:39 -> onCreate
    16:19:void onCreate(android.os.Bundle):41:41 -> onCreate
...
androidx.appcompat.view.menu.MenuPresenter -> androidx.appcompat.view.menu.h:
# {"id":"sourceFile","fileName":"MenuPresenter.java"}
    void onCloseMenu(androidx.appcompat.view.menu.MenuBuilder,boolean) -> a
      # {"id":"com.android.tools.r8.residualsignature","signature":"(Landroidx/appcompat/view/menu/d;Z)V"}
    boolean expandItemActionView(androidx.appcompat.view.menu.MenuBuilder,androidx.appcompat.view.menu.MenuItemImpl) -> d
      # {"id":"com.android.tools.r8.residualsignature","signature":"(Landroidx/appcompat/view/menu/d;Landroidx/appcompat/view/menu/e;)Z"}
    void setCallback(androidx.appcompat.view.menu.MenuPresenter$Callback) -> f
      # {"id":"com.android.tools.r8.residualsignature","signature":"(Landroidx/appcompat/view/menu/h$a;)V"}
    boolean onSubMenuSelected(androidx.appcompat.view.menu.SubMenuBuilder) -> g
      # {"id":"com.android.tools.r8.residualsignature","signature":"(Landroidx/appcompat/view/menu/k;)Z"}
    boolean flagActionItems() -> h
    void updateMenuView(boolean) -> j
    void initForMenu(android.content.Context,androidx.appcompat.view.menu.MenuBuilder) -> k
      # {"id":"com.android.tools.r8.residualsignature","signature":"(Landroid/content/Context;Landroidx/appcompat/view/menu/d;)V"}
    boolean collapseItemActionView(androidx.appcompat.view.menu.MenuBuilder,androidx.appcompat.view.menu.MenuItemImpl) -> l
androidx.appcompat.view.menu.MenuPresenter$Callback -> androidx.appcompat.view.menu.h$a:
# {"id":"sourceFile","fileName":"MenuPresenter.java"}
    void onCloseMenu(androidx.appcompat.view.menu.MenuBuilder,boolean) -> a
      # {"id":"com.android.tools.r8.residualsignature","signature":"(Landroidx/appcompat/view/menu/d;Z)V"}
    boolean onOpenSubMenu(androidx.appcompat.view.menu.MenuBuilder) -> b
      # {"id":"com.android.tools.r8.residualsignature","signature":"(Landroidx/appcompat/view/menu/d;)Z"}
androidx.appcompat.view.menu.MenuView -> androidx.appcompat.view.menu.i:
# {"id":"sourceFile","fileName":"MenuView.java"}
androidx.appcompat.view.menu.MenuView$ItemView -> androidx.appcompat.view.menu.i$a:
# {"id":"sourceFile","fileName":"MenuView.java"}
    boolean prefersCondensedTitle() -> c
    void initialize(androidx.appcompat.view.menu.MenuItemImpl,int) -> d
      # {"id":"com.android.tools.r8.residualsignature","signature":"(Landroidx/appcompat/view/menu/e;I)V"}
androidx.appcompat.view.menu.ShowableListMenu -> i.b:
# {"id":"sourceFile","fileName":"ShowableListMenu.java"}
    boolean isShowing() -> b
    android.widget.ListView getListView() -> c
    void show() -> e
    void dismiss() -> i